[INFO] [launch]: All log files can be found below /home/jetson/.ros/log/2025-06-28-04-52-47-966590-yahboom-base-16198
[INFO] [launch]: Default logging verbosity is set to INFO
🕒 Waiting for rosbridge (9090) and web UI (8080)...
[INFO] [dummy_origin_publisher-1]: process started with pid [16204]
[INFO] [gnss_source_node-2]: process started with pid [16206]
[INFO] [destination_node-3]: process started with pid [16208]
[INFO] [route_manager_node-4]: process started with pid [16210]
[INFO] [diagnostics_node-5]: process started with pid [16212]
[INFO] [marker_viz_node-6]: process started with pid [16214]
[INFO] [rosbridge_websocket-7]: process started with pid [16216]
[INFO] [static_transform_publisher-8]: process started with pid [16218]
[INFO] [rviz2-9]: process started with pid [16220]
[static_transform_publisher-8] [WARN] [1751057568.412374878] []: Old-style arguments are deprecated; see --help for new-style arguments
[static_transform_publisher-8] [INFO] [1751057568.439739496] [static_map_tf]: Spinning until stopped - publishing transform
[static_transform_publisher-8] translation: ('0.000000', '0.000000', '0.000000')
[static_transform_publisher-8] rotation: ('0.000000', '0.000000', '0.000000', '1.000000')
[static_transform_publisher-8] from 'map' to 'base_link'
[marker_viz_node-6] [INFO] [1751057569.175583665] [marker_viz_node]: [RVIZ MARKER] Enhanced Visualization Node Started.
[destination_node-3] [INFO] [1751057569.317904618] [destination_node.destination_node]: 🛰️ Destination Node waiting for GNSS origin...
[gnss_source_node-2] [INFO] [1751057569.368718469] [gnss_source_node]: [GNSS] Waiting for first GNSS fix...
[route_manager_node-4] [INFO] [1751057569.439422852] [route_manager_node.route_manager_node]: 🗺️ Route Manager waiting for GNSS origin...
[rosbridge_websocket-7] [WARN] [1751057569.589316614] [rosbridge_websocket]: The 'send_action_goals_in_new_thread' parameter is currently set to False, which means sending action goals will block the main thread. Please note that in the Jazzy and later releases, the default value for this parameter will be updated to True.
[rosbridge_websocket-7] [INFO] [1751057569.596069334] [rosbridge_websocket]: Rosbridge WebSocket server started on port 9090
[rviz2-9] [INFO] [1751057569.607272686] [rviz2]: Stereo is NOT SUPPORTED
[rviz2-9] [INFO] [1751057569.607633081] [rviz2]: OpenGl version: 4.6 (GLSL 4.6)
[rviz2-9] [INFO] [1751057569.644005656] [rviz2]: Stereo is NOT SUPPORTED
[dummy_origin_publisher-1] [INFO] [1751057569.953811473] [dummy_origin_publisher]: 📡 Publishing dummy GNSS origin: 37.78110807505081, -97.11376774980187, 0.0
[route_manager_node-4] [INFO] [1751057569.955820175] [route_manager_node.route_manager_node]: Received GNSS origin: 37.78110807505081, -97.11376774980187, 0.0
[destination_node-3] [INFO] [1751057569.961231509] [destination_node.destination_node]: ✅ GNSS origin received: (37.78110807505081, -97.11376774980187) using EPSG:32614
[route_manager_node-4] [INFO] [1751057569.961372569] [route_manager_node.route_manager_node]: ✅ GNSS origin received: (37.78110807505081, -97.11376774980187) using EPSG:32614
✅ Both servers are up! Launching browser...
[dummy_origin_publisher-1] [INFO] [1751057570.936638534] [dummy_origin_publisher]: 📡 Publishing dummy GNSS origin: 37.78110807505081, -97.11376774980187, 0.0
[route_manager_node-4] [INFO] [1751057570.938506431] [route_manager_node.route_manager_node]: Received GNSS origin: 37.78110807505081, -97.11376774980187, 0.0
2025/06/28 04:52:51.314334 cmd_run.go:1276: WARNING: cannot create user data directory: failed to verify SELinux context of /home/jetson/snap: exec: "matchpathcon": executable file not found in $PATH
Opening in existing browser session.
[rosbridge_websocket-7] [INFO] [1751057571.739476763] [rosbridge_websocket]: Calling services in new thread
[rosbridge_websocket-7] [INFO] [1751057571.741372117] [rosbridge_websocket]: Sending action goals in existing thread
[rosbridge_websocket-7] [INFO] [1751057571.743091882] [rosbridge_websocket]: Client connected. 1 clients total.
[dummy_origin_publisher-1] [INFO] [1751057571.936330849] [dummy_origin_publisher]: 📡 Publishing dummy GNSS origin: 37.78110807505081, -97.11376774980187, 0.0
[route_manager_node-4] [INFO] [1751057571.939121111] [route_manager_node.route_manager_node]: Received GNSS origin: 37.78110807505081, -97.11376774980187, 0.0
[dummy_origin_publisher-1] [INFO] [1751057572.937141983] [dummy_origin_publisher]: 📡 Publishing dummy GNSS origin: 37.78110807505081, -97.11376774980187, 0.0
[route_manager_node-4] [INFO] [1751057572.940168540] [route_manager_node.route_manager_node]: Received GNSS origin: 37.78110807505081, -97.11376774980187, 0.0
[dummy_origin_publisher-1] [INFO] [1751057573.936635093] [dummy_origin_publisher]: 📡 Publishing dummy GNSS origin: 37.78110807505081, -97.11376774980187, 0.0
[route_manager_node-4] [INFO] [1751057573.939006334] [route_manager_node.route_manager_node]: Received GNSS origin: 37.78110807505081, -97.11376774980187, 0.0
[dummy_origin_publisher-1] [INFO] [1751057574.937147337] [dummy_origin_publisher]: 📡 Publishing dummy GNSS origin: 37.78110807505081, -97.11376774980187, 0.0
[route_manager_node-4] [INFO] [1751057574.940069443] [route_manager_node.route_manager_node]: Received GNSS origin: 37.78110807505081, -97.11376774980187, 0.0
[dummy_origin_publisher-1] [INFO] [1751057575.936657214] [dummy_origin_publisher]: 📡 Publishing dummy GNSS origin: 37.78110807505081, -97.11376774980187, 0.0
[route_manager_node-4] [INFO] [1751057575.941743835] [route_manager_node.route_manager_node]: Received GNSS origin: 37.78110807505081, -97.11376774980187, 0.0
[dummy_origin_publisher-1] [INFO] [1751057576.936407963] [dummy_origin_publisher]: 📡 Publishing dummy GNSS origin: 37.78110807505081, -97.11376774980187, 0.0
[route_manager_node-4] [INFO] [1751057576.939192113] [route_manager_node.route_manager_node]: Received GNSS origin: 37.78110807505081, -97.11376774980187, 0.0
[dummy_origin_publisher-1] [INFO] [1751057577.936977585] [dummy_origin_publisher]: 📡 Publishing dummy GNSS origin: 37.78110807505081, -97.11376774980187, 0.0
[route_manager_node-4] [INFO] [1751057577.939964653] [route_manager_node.route_manager_node]: Received GNSS origin: 37.78110807505081, -97.11376774980187, 0.0
[dummy_origin_publisher-1] [INFO] [1751057578.937256094] [dummy_origin_publisher]: 📡 Publishing dummy GNSS origin: 37.78110807505081, -97.11376774980187, 0.0
[route_manager_node-4] [INFO] [1751057578.940234905] [route_manager_node.route_manager_node]: Received GNSS origin: 37.78110807505081, -97.11376774980187, 0.0
[dummy_origin_publisher-1] [INFO] [1751057579.936259203] [dummy_origin_publisher]: 📡 Publishing dummy GNSS origin: 37.78110807505081, -97.11376774980187, 0.0
[route_manager_node-4] [INFO] [1751057579.939024440] [route_manager_node.route_manager_node]: Received GNSS origin: 37.78110807505081, -97.11376774980187, 0.0
[dummy_origin_publisher-1] [INFO] [1751057580.937085408] [dummy_origin_publisher]: 📡 Publishing dummy GNSS origin: 37.78110807505081, -97.11376774980187, 0.0
[route_manager_node-4] [INFO] [1751057580.939983001] [route_manager_node.route_manager_node]: Received GNSS origin: 37.78110807505081, -97.11376774980187, 0.0
[dummy_origin_publisher-1] [INFO] [1751057581.937118981] [dummy_origin_publisher]: 📡 Publishing dummy GNSS origin: 37.78110807505081, -97.11376774980187, 0.0
[route_manager_node-4] [INFO] [1751057581.940221924] [route_manager_node.route_manager_node]: Received GNSS origin: 37.78110807505081, -97.11376774980187, 0.0
[dummy_origin_publisher-1] [INFO] [1751057582.937054886] [dummy_origin_publisher]: 📡 Publishing dummy GNSS origin: 37.78110807505081, -97.11376774980187, 0.0
[route_manager_node-4] [INFO] [1751057582.939957055] [route_manager_node.route_manager_node]: Received GNSS origin: 37.78110807505081, -97.11376774980187, 0.0
[dummy_origin_publisher-1] [INFO] [1751057583.937100555] [dummy_origin_publisher]: 📡 Publishing dummy GNSS origin: 37.78110807505081, -97.11376774980187, 0.0
[route_manager_node-4] [INFO] [1751057583.940229259] [route_manager_node.route_manager_node]: Received GNSS origin: 37.78110807505081, -97.11376774980187, 0.0
[dummy_origin_publisher-1] [INFO] [1751057584.936521084] [dummy_origin_publisher]: 📡 Publishing dummy GNSS origin: 37.78110807505081, -97.11376774980187, 0.0
[route_manager_node-4] [INFO] [1751057584.938823363] [route_manager_node.route_manager_node]: Received GNSS origin: 37.78110807505081, -97.11376774980187, 0.0
[dummy_origin_publisher-1] [INFO] [1751057585.937156755] [dummy_origin_publisher]: 📡 Publishing dummy GNSS origin: 37.78110807505081, -97.11376774980187, 0.0
[route_manager_node-4] [INFO] [1751057585.940026987] [route_manager_node.route_manager_node]: Received GNSS origin: 37.78110807505081, -97.11376774980187, 0.0
[route_manager_node-4] [INFO] [1751057586.521285408] [route_manager_node.route_manager_node]: Received 1 waypoints
[route_manager_node-4] [INFO] [1751057586.523430562] [route_manager_node.route_manager_node]: ✅ Waypoint 1: 'Waypoint 1' lat=37.78082185317283, lon=-97.1137548892485, ENU=(1.77, -31.74)
[destination_node-3] [INFO] [1751057586.524894351] [destination_node.destination_node]: 📍 Destination set: ENU=(10.99, -137.38), LatLon=(37.779868, -97.113674)
[route_manager_node-4] [INFO] [1751057586.525100629] [route_manager_node.route_manager_node]: 📍 Published current target: Waypoint 1
[marker_viz_node-6] [INFO] [1751057586.525956912] [marker_viz_node]: 🎯 Destination received at x=10.99, y=-137.38
[dummy_origin_publisher-1] [INFO] [1751057586.937139797] [dummy_origin_publisher]: 📡 Publishing dummy GNSS origin: 37.78110807505081, -97.11376774980187, 0.0
[route_manager_node-4] [INFO] [1751057586.940248693] [route_manager_node.route_manager_node]: Received GNSS origin: 37.78110807505081, -97.11376774980187, 0.0
[marker_viz_node-6] [INFO] [1751057587.457046731] [marker_viz_node]: 📍 Waypoint received at x=1.77, y=-31.74
[dummy_origin_publisher-1] [INFO] [1751057587.936484996] [dummy_origin_publisher]: 📡 Publishing dummy GNSS origin: 37.78110807505081, -97.11376774980187, 0.0
[route_manager_node-4] [INFO] [1751057587.939488897] [route_manager_node.route_manager_node]: Received GNSS origin: 37.78110807505081, -97.11376774980187, 0.0
[dummy_origin_publisher-1] [INFO] [1751057588.937144123] [dummy_origin_publisher]: 📡 Publishing dummy GNSS origin: 37.78110807505081, -97.11376774980187, 0.0
[route_manager_node-4] [INFO] [1751057588.940033268] [route_manager_node.route_manager_node]: Received GNSS origin: 37.78110807505081, -97.11376774980187, 0.0
[dummy_origin_publisher-1] [INFO] [1751057589.937138237] [dummy_origin_publisher]: 📡 Publishing dummy GNSS origin: 37.78110807505081, -97.11376774980187, 0.0
[route_manager_node-4] [INFO] [1751057589.940029974] [route_manager_node.route_manager_node]: Received GNSS origin: 37.78110807505081, -97.11376774980187, 0.0
[dummy_origin_publisher-1] [INFO] [1751057590.936395177] [dummy_origin_publisher]: 📡 Publishing dummy GNSS origin: 37.78110807505081, -97.11376774980187, 0.0
[route_manager_node-4] [INFO] [1751057590.939229984] [route_manager_node.route_manager_node]: Received GNSS origin: 37.78110807505081, -97.11376774980187, 0.0
[dummy_origin_publisher-1] [INFO] [1751057591.936380715] [dummy_origin_publisher]: 📡 Publishing dummy GNSS origin: 37.78110807505081, -97.11376774980187, 0.0
[route_manager_node-4] [INFO] [1751057591.939210082] [route_manager_node.route_manager_node]: Received GNSS origin: 37.78110807505081, -97.11376774980187, 0.0
[dummy_origin_publisher-1] [INFO] [1751057592.936652789] [dummy_origin_publisher]: 📡 Publishing dummy GNSS origin: 37.78110807505081, -97.11376774980187, 0.0
[route_manager_node-4] [INFO] [1751057592.939506573] [route_manager_node.route_manager_node]: Received GNSS origin: 37.78110807505081, -97.11376774980187, 0.0
[dummy_origin_publisher-1] [INFO] [1751057593.937103813] [dummy_origin_publisher]: 📡 Publishing dummy GNSS origin: 37.78110807505081, -97.11376774980187, 0.0
[route_manager_node-4] [INFO] [1751057593.939972061] [route_manager_node.route_manager_node]: Received GNSS origin: 37.78110807505081, -97.11376774980187, 0.0
[dummy_origin_publisher-1] [INFO] [1751057594.937104039] [dummy_origin_publisher]: 📡 Publishing dummy GNSS origin: 37.78110807505081, -97.11376774980187, 0.0
[route_manager_node-4] [INFO] [1751057594.939999392] [route_manager_node.route_manager_node]: Received GNSS origin: 37.78110807505081, -97.11376774980187, 0.0
[dummy_origin_publisher-1] [INFO] [1751057595.936784735] [dummy_origin_publisher]: 📡 Publishing dummy GNSS origin: 37.78110807505081, -97.11376774980187, 0.0
[route_manager_node-4] [INFO] [1751057595.938635128] [route_manager_node.route_manager_node]: Received GNSS origin: 37.78110807505081, -97.11376774980187, 0.0
[dummy_origin_publisher-1] [INFO] [1751057596.937106506] [dummy_origin_publisher]: 📡 Publishing dummy GNSS origin: 37.78110807505081, -97.11376774980187, 0.0
[route_manager_node-4] [INFO] [1751057596.939988323] [route_manager_node.route_manager_node]: Received GNSS origin: 37.78110807505081, -97.11376774980187, 0.0
[dummy_origin_publisher-1] [INFO] [1751057597.937161101] [dummy_origin_publisher]: 📡 Publishing dummy GNSS origin: 37.78110807505081, -97.11376774980187, 0.0
[route_manager_node-4] [INFO] [1751057597.940101256] [route_manager_node.route_manager_node]: Received GNSS origin: 37.78110807505081, -97.11376774980187, 0.0
[dummy_origin_publisher-1] [INFO] [1751057598.936807108] [dummy_origin_publisher]: 📡 Publishing dummy GNSS origin: 37.78110807505081, -97.11376774980187, 0.0
[route_manager_node-4] [INFO] [1751057598.939721533] [route_manager_node.route_manager_node]: Received GNSS origin: 37.78110807505081, -97.11376774980187, 0.0
[WARNING] [launch]: user interrupted with ctrl-c (SIGINT)
[INFO] [rviz2-9]: sending signal 'SIGINT' to process[rviz2-9]
[INFO] [static_transform_publisher-8]: sending signal 'SIGINT' to process[static_transform_publisher-8]
[INFO] [rosbridge_websocket-7]: sending signal 'SIGINT' to process[rosbridge_websocket-7]
[INFO] [marker_viz_node-6]: sending signal 'SIGINT' to process[marker_viz_node-6]
[INFO] [diagnostics_node-5]: sending signal 'SIGINT' to process[diagnostics_node-5]
[INFO] [route_manager_node-4]: sending signal 'SIGINT' to process[route_manager_node-4]
[INFO] [destination_node-3]: sending signal 'SIGINT' to process[destination_node-3]
[INFO] [gnss_source_node-2]: sending signal 'SIGINT' to process[gnss_source_node-2]
[INFO] [dummy_origin_publisher-1]: sending signal 'SIGINT' to process[dummy_origin_publisher-1]
[rviz2-9] [INFO] [1751057599.803665318] [rclcpp]: signal_handler(signum=2)
[static_transform_publisher-8] [INFO] [1751057599.808282132] [rclcpp]: signal_handler(signum=2)
[rosbridge_websocket-7] registered capabilities (classes):
[rosbridge_websocket-7]  - <class 'rosbridge_library.capabilities.advertise.Advertise'>
[rosbridge_websocket-7]  - <class 'rosbridge_library.capabilities.publish.Publish'>
[rosbridge_websocket-7]  - <class 'rosbridge_library.capabilities.subscribe.Subscribe'>
[rosbridge_websocket-7]  - <class 'rosbridge_library.capabilities.defragmentation.Defragment'>
[rosbridge_websocket-7]  - <class 'rosbridge_library.capabilities.advertise_service.AdvertiseService'>
[rosbridge_websocket-7]  - <class 'rosbridge_library.capabilities.call_service.CallService'>
[rosbridge_websocket-7]  - <class 'rosbridge_library.capabilities.service_response.ServiceResponse'>
[rosbridge_websocket-7]  - <class 'rosbridge_library.capabilities.unadvertise_service.UnadvertiseService'>
[rosbridge_websocket-7]  - <class 'rosbridge_library.capabilities.advertise_action.AdvertiseAction'>
[rosbridge_websocket-7]  - <class 'rosbridge_library.capabilities.action_feedback.ActionFeedback'>
[rosbridge_websocket-7]  - <class 'rosbridge_library.capabilities.action_result.ActionResult'>
[rosbridge_websocket-7]  - <class 'rosbridge_library.capabilities.send_action_goal.SendActionGoal'>
[rosbridge_websocket-7]  - <class 'rosbridge_library.capabilities.unadvertise_action.UnadvertiseAction'>
[rosbridge_websocket-7] Exiting due to SIGINT
[marker_viz_node-6] Traceback (most recent call last):
[marker_viz_node-6]   File "/home/jetson/airport_navigation_ws/install/airport_navigation/lib/airport_navigation/marker_viz_node", line 33, in <module>
[marker_viz_node-6]     sys.exit(load_entry_point('airport-navigation', 'console_scripts', 'marker_viz_node')())
[marker_viz_node-6]   File "/home/jetson/airport_navigation_ws/build/airport_navigation/airport_navigation/marker_viz_node.py", line 149, in main
[marker_viz_node-6]     rclpy.spin(node)
[marker_viz_node-6]   File "/opt/ros/humble/local/lib/python3.10/dist-packages/rclpy/__init__.py", line 226, in spin
[marker_viz_node-6]     executor.spin_once()
[marker_viz_node-6]   File "/opt/ros/humble/local/lib/python3.10/dist-packages/rclpy/executors.py", line 751, in spin_once
[marker_viz_node-6]     self._spin_once_impl(timeout_sec)
[marker_viz_node-6]   File "/opt/ros/humble/local/lib/python3.10/dist-packages/rclpy/executors.py", line 740, in _spin_once_impl
[marker_viz_node-6]     handler, entity, node = self.wait_for_ready_callbacks(timeout_sec=timeout_sec)
[marker_viz_node-6]   File "/opt/ros/humble/local/lib/python3.10/dist-packages/rclpy/executors.py", line 723, in wait_for_ready_callbacks
[marker_viz_node-6]     return next(self._cb_iter)
[marker_viz_node-6]   File "/opt/ros/humble/local/lib/python3.10/dist-packages/rclpy/executors.py", line 620, in _wait_for_ready_callbacks
[marker_viz_node-6]     wait_set.wait(timeout_nsec)
[marker_viz_node-6] KeyboardInterrupt
[diagnostics_node-5] Traceback (most recent call last):
[diagnostics_node-5]   File "/home/jetson/airport_navigation_ws/install/airport_navigation/lib/airport_navigation/diagnostics_node", line 33, in <module>
[diagnostics_node-5]     sys.exit(load_entry_point('airport-navigation', 'console_scripts', 'diagnostics_node')())
[diagnostics_node-5]   File "/home/jetson/airport_navigation_ws/build/airport_navigation/airport_navigation/diagnostics_node.py", line 34, in main
[diagnostics_node-5]     rclpy.spin(node)
[diagnostics_node-5]   File "/opt/ros/humble/local/lib/python3.10/dist-packages/rclpy/__init__.py", line 226, in spin
[diagnostics_node-5]     executor.spin_once()
[diagnostics_node-5]   File "/opt/ros/humble/local/lib/python3.10/dist-packages/rclpy/executors.py", line 751, in spin_once
[diagnostics_node-5]     self._spin_once_impl(timeout_sec)
[diagnostics_node-5]   File "/opt/ros/humble/local/lib/python3.10/dist-packages/rclpy/executors.py", line 740, in _spin_once_impl
[diagnostics_node-5]     handler, entity, node = self.wait_for_ready_callbacks(timeout_sec=timeout_sec)
[diagnostics_node-5]   File "/opt/ros/humble/local/lib/python3.10/dist-packages/rclpy/executors.py", line 723, in wait_for_ready_callbacks
[diagnostics_node-5]     return next(self._cb_iter)
[diagnostics_node-5]   File "/opt/ros/humble/local/lib/python3.10/dist-packages/rclpy/executors.py", line 620, in _wait_for_ready_callbacks
[diagnostics_node-5]     wait_set.wait(timeout_nsec)
[diagnostics_node-5] KeyboardInterrupt
[route_manager_node-4] Traceback (most recent call last):
[route_manager_node-4]   File "/home/jetson/airport_navigation_ws/install/airport_navigation/lib/airport_navigation/route_manager_node", line 33, in <module>
[route_manager_node-4]     sys.exit(load_entry_point('airport-navigation', 'console_scripts', 'route_manager_node')())
[route_manager_node-4]   File "/home/jetson/airport_navigation_ws/build/airport_navigation/airport_navigation/route_manager_node.py", line 156, in main
[route_manager_node-4]     rclpy.spin(node)
[route_manager_node-4]   File "/opt/ros/humble/local/lib/python3.10/dist-packages/rclpy/__init__.py", line 226, in spin
[route_manager_node-4]     executor.spin_once()
[route_manager_node-4]   File "/opt/ros/humble/local/lib/python3.10/dist-packages/rclpy/executors.py", line 751, in spin_once
[route_manager_node-4]     self._spin_once_impl(timeout_sec)
[route_manager_node-4]   File "/opt/ros/humble/local/lib/python3.10/dist-packages/rclpy/executors.py", line 740, in _spin_once_impl
[route_manager_node-4]     handler, entity, node = self.wait_for_ready_callbacks(timeout_sec=timeout_sec)
[route_manager_node-4]   File "/opt/ros/humble/local/lib/python3.10/dist-packages/rclpy/executors.py", line 723, in wait_for_ready_callbacks
[route_manager_node-4]     return next(self._cb_iter)
[route_manager_node-4]   File "/opt/ros/humble/local/lib/python3.10/dist-packages/rclpy/executors.py", line 620, in _wait_for_ready_callbacks
[route_manager_node-4]     wait_set.wait(timeout_nsec)
[route_manager_node-4] KeyboardInterrupt
[destination_node-3] Traceback (most recent call last):
[destination_node-3]   File "/home/jetson/airport_navigation_ws/install/airport_navigation/lib/airport_navigation/destination_node", line 33, in <module>
[destination_node-3]     sys.exit(load_entry_point('airport-navigation', 'console_scripts', 'destination_node')())
[destination_node-3]   File "/home/jetson/airport_navigation_ws/build/airport_navigation/airport_navigation/destination_node.py", line 97, in main
[destination_node-3]     rclpy.spin(node)
[destination_node-3]   File "/opt/ros/humble/local/lib/python3.10/dist-packages/rclpy/__init__.py", line 226, in spin
[destination_node-3]     executor.spin_once()
[destination_node-3]   File "/opt/ros/humble/local/lib/python3.10/dist-packages/rclpy/executors.py", line 751, in spin_once
[destination_node-3]     self._spin_once_impl(timeout_sec)
[destination_node-3]   File "/opt/ros/humble/local/lib/python3.10/dist-packages/rclpy/executors.py", line 740, in _spin_once_impl
[destination_node-3]     handler, entity, node = self.wait_for_ready_callbacks(timeout_sec=timeout_sec)
[destination_node-3]   File "/opt/ros/humble/local/lib/python3.10/dist-packages/rclpy/executors.py", line 723, in wait_for_ready_callbacks
[destination_node-3]     return next(self._cb_iter)
[destination_node-3]   File "/opt/ros/humble/local/lib/python3.10/dist-packages/rclpy/executors.py", line 620, in _wait_for_ready_callbacks
[destination_node-3]     wait_set.wait(timeout_nsec)
[destination_node-3] KeyboardInterrupt
[gnss_source_node-2] Traceback (most recent call last):
[gnss_source_node-2]   File "/home/jetson/airport_navigation_ws/install/airport_navigation/lib/airport_navigation/gnss_source_node", line 33, in <module>
[gnss_source_node-2]     sys.exit(load_entry_point('airport-navigation', 'console_scripts', 'gnss_source_node')())
[gnss_source_node-2]   File "/home/jetson/airport_navigation_ws/build/airport_navigation/airport_navigation/gnss_source_node.py", line 110, in main
[gnss_source_node-2]     rclpy.spin(node)
[gnss_source_node-2]   File "/opt/ros/humble/local/lib/python3.10/dist-packages/rclpy/__init__.py", line 226, in spin
[gnss_source_node-2]     executor.spin_once()
[gnss_source_node-2]   File "/opt/ros/humble/local/lib/python3.10/dist-packages/rclpy/executors.py", line 751, in spin_once
[gnss_source_node-2]     self._spin_once_impl(timeout_sec)
[gnss_source_node-2]   File "/opt/ros/humble/local/lib/python3.10/dist-packages/rclpy/executors.py", line 740, in _spin_once_impl
[gnss_source_node-2]     handler, entity, node = self.wait_for_ready_callbacks(timeout_sec=timeout_sec)
[gnss_source_node-2]   File "/opt/ros/humble/local/lib/python3.10/dist-packages/rclpy/executors.py", line 723, in wait_for_ready_callbacks
[gnss_source_node-2]     return next(self._cb_iter)
[gnss_source_node-2]   File "/opt/ros/humble/local/lib/python3.10/dist-packages/rclpy/executors.py", line 620, in _wait_for_ready_callbacks
[gnss_source_node-2]     wait_set.wait(timeout_nsec)
[gnss_source_node-2] KeyboardInterrupt
[dummy_origin_publisher-1] Traceback (most recent call last):
[dummy_origin_publisher-1]   File "/home/jetson/airport_navigation_ws/install/airport_navigation/lib/airport_navigation/dummy_origin_publisher", line 33, in <module>
[dummy_origin_publisher-1]     sys.exit(load_entry_point('airport-navigation', 'console_scripts', 'dummy_origin_publisher')())
[dummy_origin_publisher-1]   File "/home/jetson/airport_navigation_ws/build/airport_navigation/airport_navigation/dummy_origin_publisher.py", line 31, in main
[dummy_origin_publisher-1]     rclpy.spin(node)
[dummy_origin_publisher-1]   File "/opt/ros/humble/local/lib/python3.10/dist-packages/rclpy/__init__.py", line 226, in spin
[dummy_origin_publisher-1]     executor.spin_once()
[dummy_origin_publisher-1]   File "/opt/ros/humble/local/lib/python3.10/dist-packages/rclpy/executors.py", line 751, in spin_once
[dummy_origin_publisher-1]     self._spin_once_impl(timeout_sec)
[dummy_origin_publisher-1]   File "/opt/ros/humble/local/lib/python3.10/dist-packages/rclpy/executors.py", line 740, in _spin_once_impl
[dummy_origin_publisher-1]     handler, entity, node = self.wait_for_ready_callbacks(timeout_sec=timeout_sec)
[dummy_origin_publisher-1]   File "/opt/ros/humble/local/lib/python3.10/dist-packages/rclpy/executors.py", line 723, in wait_for_ready_callbacks
[dummy_origin_publisher-1]     return next(self._cb_iter)
[dummy_origin_publisher-1]   File "/opt/ros/humble/local/lib/python3.10/dist-packages/rclpy/executors.py", line 620, in _wait_for_ready_callbacks
[dummy_origin_publisher-1]     wait_set.wait(timeout_nsec)
[dummy_origin_publisher-1] KeyboardInterrupt
[INFO] [static_transform_publisher-8]: process has finished cleanly [pid 16218]
[ERROR] [diagnostics_node-5]: process has died [pid 16212, exit code -2, cmd '/home/jetson/airport_navigation_ws/install/airport_navigation/lib/airport_navigation/diagnostics_node --ros-args -r __node:=diagnostics_node'].
[ERROR] [dummy_origin_publisher-1]: process has died [pid 16204, exit code -2, cmd '/home/jetson/airport_navigation_ws/install/airport_navigation/lib/airport_navigation/dummy_origin_publisher --ros-args -r __node:=dummy_origin_publisher'].
[INFO] [rviz2-9]: process has finished cleanly [pid 16220]
[ERROR] [marker_viz_node-6]: process has died [pid 16214, exit code -2, cmd '/home/jetson/airport_navigation_ws/install/airport_navigation/lib/airport_navigation/marker_viz_node --ros-args -r __node:=marker_viz_node'].
[ERROR] [route_manager_node-4]: process has died [pid 16210, exit code -2, cmd '/home/jetson/airport_navigation_ws/install/airport_navigation/lib/airport_navigation/route_manager_node --ros-args -r __node:=route_manager_node -r __ns:=/route_manager_node --params-file /home/jetson/airport_navigation_ws/install/airport_navigation/share/airport_navigation/config/navigation_params.yaml'].
[ERROR] [gnss_source_node-2]: process has died [pid 16206, exit code -2, cmd '/home/jetson/airport_navigation_ws/install/airport_navigation/lib/airport_navigation/gnss_source_node --ros-args -r __node:=gnss_source_node --params-file /home/jetson/airport_navigation_ws/install/airport_navigation/share/airport_navigation/config/navigation_params.yaml'].
[ERROR] [destination_node-3]: process has died [pid 16208, exit code -2, cmd '/home/jetson/airport_navigation_ws/install/airport_navigation/lib/airport_navigation/destination_node --ros-args -r __node:=destination_node -r __ns:=/destination_node --params-file /home/jetson/airport_navigation_ws/install/airport_navigation/share/airport_navigation/config/navigation_params.yaml'].
[ERROR] [rosbridge_websocket-7]: process has died [pid 16216, exit code -11, cmd '/opt/ros/humble/lib/rosbridge_server/rosbridge_websocket --ros-args -r __node:=rosbridge_websocket --params-file /tmp/launch_params_ef1hylwv --params-file /tmp/launch_params_17o0ehd1'].
